<?xml version="1.0" encoding="UTF-8"?>
<testng-results skipped="0" failed="1" ignored="0" total="1" passed="0">
  <reporter-output>
  </reporter-output>
  <suite name="Default suite" duration-ms="25376" started-at="2018-10-22T12:24:28Z" finished-at="2018-10-22T12:24:54Z">
    <groups>
    </groups>
    <test name="Default test" duration-ms="25376" started-at="2018-10-22T12:24:28Z" finished-at="2018-10-22T12:24:54Z">
      <class name="e2eTest.Flighte2e">
        <test-method status="PASS" signature="setUp()[pri:0, instance:e2eTest.Flighte2e@1a968a59]" name="setUp" is-config="true" duration-ms="6085" started-at="2018-10-22T12:24:28Z" finished-at="2018-10-22T12:24:35Z">
          <reporter-output>
          </reporter-output>
        </test-method> <!-- setUp -->
        <test-method status="FAIL" signature="flighte2eTest()[pri:0, instance:e2eTest.Flighte2e@1a968a59]" name="flighte2eTest" duration-ms="17101" started-at="2018-10-22T12:24:35Z" finished-at="2018-10-22T12:24:52Z">
          <exception class="java.lang.NullPointerException">
            <full-stacktrace>
              <![CDATA[java.lang.NullPointerException
at pages.Bookaflights.fillDetails(Bookaflights.java:46)
at e2eTest.Flighte2e.flighte2eTest(Flighte2e.java:36)
at sun.reflect.NativeMethodAccessorImpl.invoke0(Native Method)
at sun.reflect.NativeMethodAccessorImpl.invoke(Unknown Source)
at sun.reflect.DelegatingMethodAccessorImpl.invoke(Unknown Source)
at java.lang.reflect.Method.invoke(Unknown Source)
at org.testng.internal.MethodInvocationHelper.invokeMethod(MethodInvocationHelper.java:124)
at org.testng.internal.Invoker.invokeMethod(Invoker.java:580)
at org.testng.internal.Invoker.invokeTestMethod(Invoker.java:716)
at org.testng.internal.Invoker.invokeTestMethods(Invoker.java:988)
at org.testng.internal.TestMethodWorker.invokeTestMethods(TestMethodWorker.java:125)
at org.testng.internal.TestMethodWorker.run(TestMethodWorker.java:109)
at org.testng.TestRunner.privateRun(TestRunner.java:648)
at org.testng.TestRunner.run(TestRunner.java:505)
at org.testng.SuiteRunner.runTest(SuiteRunner.java:455)
at org.testng.SuiteRunner.runSequentially(SuiteRunner.java:450)
at org.testng.SuiteRunner.privateRun(SuiteRunner.java:415)
at org.testng.SuiteRunner.run(SuiteRunner.java:364)
at org.testng.SuiteRunnerWorker.runSuite(SuiteRunnerWorker.java:52)
at org.testng.SuiteRunnerWorker.run(SuiteRunnerWorker.java:84)
at org.testng.TestNG.runSuitesSequentially(TestNG.java:1208)
at org.testng.TestNG.runSuitesLocally(TestNG.java:1137)
at org.testng.TestNG.runSuites(TestNG.java:1049)
at org.testng.TestNG.run(TestNG.java:1017)
at org.testng.remote.AbstractRemoteTestNG.run(AbstractRemoteTestNG.java:114)
at org.testng.remote.RemoteTestNG.initAndRun(RemoteTestNG.java:251)
at org.testng.remote.RemoteTestNG.main(RemoteTestNG.java:77)
]]>
            </full-stacktrace>
          </exception> <!-- java.lang.NullPointerException -->
          <reporter-output>
          </reporter-output>
        </test-method> <!-- flighte2eTest -->
        <test-method status="PASS" signature="tearDown()[pri:0, instance:e2eTest.Flighte2e@1a968a59]" name="tearDown" is-config="true" duration-ms="2140" started-at="2018-10-22T12:24:52Z" finished-at="2018-10-22T12:24:54Z">
          <reporter-output>
          </reporter-output>
        </test-method> <!-- tearDown -->
      </class> <!-- e2eTest.Flighte2e -->
    </test> <!-- Default test -->
  </suite> <!-- Default suite -->
</testng-results>
